C:\USERS\ADMINISTRATOR\DOCUMENTS\VISUAL STUDIO 2010\PROJECTS\BROWN\BROWN\RELEASE\BROWN.EXE.INTERMEDIATE.MANIFEST
C:\USERS\ADMINISTRATOR\DOCUMENTS\VISUAL STUDIO 2010\PROJECTS\BROWN\BROWN\RELEASE\BROWN.OBJ
C:\USERS\ADMINISTRATOR\DOCUMENTS\VISUAL STUDIO 2010\PROJECTS\BROWN\BROWN\RELEASE\GTP.OBJ
C:\USERS\ADMINISTRATOR\DOCUMENTS\VISUAL STUDIO 2010\PROJECTS\BROWN\BROWN\RELEASE\INTERFACE.OBJ
C:\USERS\ADMINISTRATOR\DOCUMENTS\VISUAL STUDIO 2010\PROJECTS\BROWN\BROWN\RELEASE\VC100.PDB
C:\USERS\ADMINISTRATOR\DOCUMENTS\VISUAL STUDIO 2010\PROJECTS\BROWN\RELEASE\BROWN.EXE
C:\USERS\ADMINISTRATOR\DOCUMENTS\VISUAL STUDIO 2010\PROJECTS\BROWN\RELEASE\BROWN.PDB
D:\computergo\cbrown\final\naked\brown\brown\Release\brown.exe.intermediate.manifest
D:\computergo\cbrown\final\naked\brown\brown\Release\brown.obj
D:\computergo\cbrown\final\naked\brown\brown\Release\brown.write.1.tlog
D:\computergo\cbrown\final\naked\brown\brown\Release\cl.command.1.tlog
D:\computergo\cbrown\final\naked\brown\brown\Release\CL.read.1.tlog
D:\computergo\cbrown\final\naked\brown\brown\Release\CL.write.1.tlog
D:\computergo\cbrown\final\naked\brown\brown\Release\gtp.obj
D:\computergo\cbrown\final\naked\brown\brown\Release\interface.obj
D:\computergo\cbrown\final\naked\brown\brown\Release\link.command.1.tlog
D:\computergo\cbrown\final\naked\brown\brown\Release\link.read.1.tlog
D:\computergo\cbrown\final\naked\brown\brown\Release\link.write.1.tlog
D:\computergo\cbrown\final\naked\brown\brown\Release\mt.command.1.tlog
D:\computergo\cbrown\final\naked\brown\brown\Release\mt.read.1.tlog
D:\computergo\cbrown\final\naked\brown\brown\Release\mt.write.1.tlog
D:\computergo\cbrown\final\naked\brown\brown\Release\vc100.pdb
D:\computergo\cbrown\final\naked\brown\Release\brown.exe
D:\computergo\cbrown\final\naked\brown\Release\brown.pdb
