生成启动时间为 2014/1/9 2:30:58。
     1>项目“D:\computergo\cbrown\final\naked\IAmHungry\brown\brown.vcxproj”在节点 2 上(rebuild 个目标)。
     1>_PrepareForClean:
         正在删除文件“Debug\IAmHungry.lastbuildstate”。
       InitializeBuildStatus:
         正在创建“Debug\IAmHungry.unsuccessfulbuild”，因为已指定“AlwaysCreate”。
       ClCompile:
         C:\Program Files (x86)\Microsoft Visual Studio 10.0\VC\bin\CL.exe /c /ZI /nologo /W3 /WX- /Od /Oy- /D _MBCS /Gm /EHsc /RTC1 /MDd /GS /fp:precise /Zc:wchar_t /Zc:forScope /Fo"Debug\\" /Fd"Debug\vc100.pdb" /Gd /TP /analyze- /errorReport:prompt hungry.cpp gtp.cpp interface.cpp
         interface.cpp
     1>d:\computergo\cbrown\final\naked\iamhungry\brown\interface.cpp(107): warning C4996: 'setbuf': This function or variable may be unsafe. Consider using setvbuf instead. To disable deprecation, use _CRT_SECURE_NO_WARNINGS. See online help for details.
                 c:\program files (x86)\microsoft visual studio 10.0\vc\include\stdio.h(313) : 参见“setbuf”的声明
     1>d:\computergo\cbrown\final\naked\iamhungry\brown\interface.cpp(152): warning C4996: 'sscanf': This function or variable may be unsafe. Consider using sscanf_s instead. To disable deprecation, use _CRT_SECURE_NO_WARNINGS. See online help for details.
                 c:\program files (x86)\microsoft visual studio 10.0\vc\include\stdio.h(325) : 参见“sscanf”的声明
     1>d:\computergo\cbrown\final\naked\iamhungry\brown\interface.cpp(188): warning C4996: 'sscanf': This function or variable may be unsafe. Consider using sscanf_s instead. To disable deprecation, use _CRT_SECURE_NO_WARNINGS. See online help for details.
                 c:\program files (x86)\microsoft visual studio 10.0\vc\include\stdio.h(325) : 参见“sscanf”的声明
     1>d:\computergo\cbrown\final\naked\iamhungry\brown\interface.cpp(211): warning C4996: 'sscanf': This function or variable may be unsafe. Consider using sscanf_s instead. To disable deprecation, use _CRT_SECURE_NO_WARNINGS. See online help for details.
                 c:\program files (x86)\microsoft visual studio 10.0\vc\include\stdio.h(325) : 参见“sscanf”的声明
     1>d:\computergo\cbrown\final\naked\iamhungry\brown\interface.cpp(228): warning C4996: 'sscanf': This function or variable may be unsafe. Consider using sscanf_s instead. To disable deprecation, use _CRT_SECURE_NO_WARNINGS. See online help for details.
                 c:\program files (x86)\microsoft visual studio 10.0\vc\include\stdio.h(325) : 参见“sscanf”的声明
     1>d:\computergo\cbrown\final\naked\iamhungry\brown\interface.cpp(289): warning C4996: 'sscanf': This function or variable may be unsafe. Consider using sscanf_s instead. To disable deprecation, use _CRT_SECURE_NO_WARNINGS. See online help for details.
                 c:\program files (x86)\microsoft visual studio 10.0\vc\include\stdio.h(325) : 参见“sscanf”的声明
     1>d:\computergo\cbrown\final\naked\iamhungry\brown\interface.cpp(377): warning C4996: 'sscanf': This function or variable may be unsafe. Consider using sscanf_s instead. To disable deprecation, use _CRT_SECURE_NO_WARNINGS. See online help for details.
                 c:\program files (x86)\microsoft visual studio 10.0\vc\include\stdio.h(325) : 参见“sscanf”的声明
         gtp.cpp
     1>d:\computergo\cbrown\final\naked\iamhungry\brown\gtp.cpp(114): warning C4996: 'sscanf': This function or variable may be unsafe. Consider using sscanf_s instead. To disable deprecation, use _CRT_SECURE_NO_WARNINGS. See online help for details.
                 c:\program files (x86)\microsoft visual studio 10.0\vc\include\stdio.h(325) : 参见“sscanf”的声明
     1>d:\computergo\cbrown\final\naked\iamhungry\brown\gtp.cpp(120): warning C4996: 'sscanf': This function or variable may be unsafe. Consider using sscanf_s instead. To disable deprecation, use _CRT_SECURE_NO_WARNINGS. See online help for details.
                 c:\program files (x86)\microsoft visual studio 10.0\vc\include\stdio.h(325) : 参见“sscanf”的声明
     1>d:\computergo\cbrown\final\naked\iamhungry\brown\gtp.cpp(317): warning C4996: 'sscanf': This function or variable may be unsafe. Consider using sscanf_s instead. To disable deprecation, use _CRT_SECURE_NO_WARNINGS. See online help for details.
                 c:\program files (x86)\microsoft visual studio 10.0\vc\include\stdio.h(325) : 参见“sscanf”的声明
     1>d:\computergo\cbrown\final\naked\iamhungry\brown\gtp.cpp(349): warning C4996: 'sscanf': This function or variable may be unsafe. Consider using sscanf_s instead. To disable deprecation, use _CRT_SECURE_NO_WARNINGS. See online help for details.
                 c:\program files (x86)\microsoft visual studio 10.0\vc\include\stdio.h(325) : 参见“sscanf”的声明
     1>d:\computergo\cbrown\final\naked\iamhungry\brown\gtp.cpp(388): warning C4996: 'sscanf': This function or variable may be unsafe. Consider using sscanf_s instead. To disable deprecation, use _CRT_SECURE_NO_WARNINGS. See online help for details.
                 c:\program files (x86)\microsoft visual studio 10.0\vc\include\stdio.h(325) : 参见“sscanf”的声明
         hungry.cpp
     1>d:\computergo\cbrown\final\naked\iamhungry\brown\hungry.cpp(16): warning C4305: “初始化”: 从“double”到“float”截断
     1>d:\computergo\cbrown\final\naked\iamhungry\brown\hungry.cpp(65): warning C4996: 'fopen': This function or variable may be unsafe. Consider using fopen_s instead. To disable deprecation, use _CRT_SECURE_NO_WARNINGS. See online help for details.
                 c:\program files (x86)\microsoft visual studio 10.0\vc\include\stdio.h(234) : 参见“fopen”的声明
     1>d:\computergo\cbrown\final\naked\iamhungry\brown\hungry.cpp(57): warning C4101: “i”: 未引用的局部变量
     1>d:\computergo\cbrown\final\naked\iamhungry\brown\hungry.cpp(56): warning C4101: “k”: 未引用的局部变量
     1>d:\computergo\cbrown\final\naked\iamhungry\brown\hungry.cpp(57): warning C4101: “j”: 未引用的局部变量
     1>d:\computergo\cbrown\final\naked\iamhungry\brown\hungry.cpp(490): warning C4101: “i”: 未引用的局部变量
     1>d:\computergo\cbrown\final\naked\iamhungry\brown\hungry.cpp(810): warning C4101: “count2”: 未引用的局部变量
     1>d:\computergo\cbrown\final\naked\iamhungry\brown\hungry.cpp(809): warning C4101: “count1”: 未引用的局部变量
     1>d:\computergo\cbrown\final\naked\iamhungry\brown\hungry.cpp(859): warning C4996: 'fopen': This function or variable may be unsafe. Consider using fopen_s instead. To disable deprecation, use _CRT_SECURE_NO_WARNINGS. See online help for details.
                 c:\program files (x86)\microsoft visual studio 10.0\vc\include\stdio.h(234) : 参见“fopen”的声明
     1>d:\computergo\cbrown\final\naked\iamhungry\brown\hungry.cpp(891): warning C4996: 'fopen': This function or variable may be unsafe. Consider using fopen_s instead. To disable deprecation, use _CRT_SECURE_NO_WARNINGS. See online help for details.
                 c:\program files (x86)\microsoft visual studio 10.0\vc\include\stdio.h(234) : 参见“fopen”的声明
     1>d:\computergo\cbrown\final\naked\iamhungry\brown\hungry.cpp(941): warning C4996: 'fopen': This function or variable may be unsafe. Consider using fopen_s instead. To disable deprecation, use _CRT_SECURE_NO_WARNINGS. See online help for details.
                 c:\program files (x86)\microsoft visual studio 10.0\vc\include\stdio.h(234) : 参见“fopen”的声明
     1>d:\computergo\cbrown\final\naked\iamhungry\brown\hungry.cpp(1106): warning C4244: “=”: 从“int”转换到“float”，可能丢失数据
     1>d:\computergo\cbrown\final\naked\iamhungry\brown\hungry.cpp(1205): warning C4244: “=”: 从“float”转换到“int”，可能丢失数据
         正在生成代码...
       Link:
         C:\Program Files (x86)\Microsoft Visual Studio 10.0\VC\bin\link.exe /ERRORREPORT:PROMPT /OUT:"D:\computergo\cbrown\final\naked\IAmHungry\Debug\IAmHungry.exe" /NOLOGO kernel32.lib user32.lib gdi32.lib winspool.lib comdlg32.lib advapi32.lib shell32.lib ole32.lib oleaut32.lib uuid.lib odbc32.lib odbccp32.lib kernel32.lib user32.lib gdi32.lib winspool.lib comdlg32.lib advapi32.lib shell32.lib ole32.lib oleaut32.lib uuid.lib odbc32.lib odbccp32.lib opencv_calib3d231d.lib opencv_contrib231d.lib opencv_core231d.lib opencv_features2d231d.lib opencv_flann231d.lib opencv_gpu231d.lib opencv_haartraining_engined.lib opencv_highgui231d.lib opencv_imgproc231d.lib opencv_legacy231d.lib opencv_ml231d.lib opencv_objdetect231d.lib opencv_video231d.lib /MANIFEST /ManifestFile:"Debug\IAmHungry.exe.intermediate.manifest" /MANIFESTUAC:"level='asInvoker' uiAccess='false'" /DEBUG /PDB:"D:\computergo\cbrown\final\naked\IAmHungry\Debug\IAmHungry.pdb" /TLBID:1 /DYNAMICBASE /NXCOMPAT /IMPLIB:"D:\computergo\cbrown\final\naked\IAmHungry\Debug\IAmHungry.lib" /MACHINE:X86 Debug\hungry.obj
         Debug\gtp.obj
         Debug\interface.obj
         brown.vcxproj -> D:\computergo\cbrown\final\naked\IAmHungry\Debug\IAmHungry.exe
       Manifest:
         C:\Program Files (x86)\Microsoft SDKs\Windows\v7.0A\bin\mt.exe /nologo /verbose /outputresource:"D:\computergo\cbrown\final\naked\IAmHungry\Debug\IAmHungry.exe;#1" /manifest Debug\IAmHungry.exe.intermediate.manifest
       FinalizeBuildStatus:
         正在删除文件“Debug\IAmHungry.unsuccessfulbuild”。
         正在对“Debug\IAmHungry.lastbuildstate”执行 Touch 任务。
     1>已完成生成项目“D:\computergo\cbrown\final\naked\IAmHungry\brown\brown.vcxproj”(rebuild 个目标)的操作。

生成成功。

已用时间 00:00:03.42
